*** Using Compiler 'V5.06 update 5 (build 528)', folder: 'E:\D_app\Keil5\ARM\ARMCC\Bin'
Build target 'Target 1'
compiling Delay.c...
compiling motor.c...
compiling gpio.c...
compiling DHT11.c...
compiling beep.c...
compiling SPI.c...
compiling usart.c...
compiling pid.c...
compiling main.c...
compiling key.c...
compiling GUI.c...
compiling LCD.c...
compiling sys.c...
compiling windspeed.c...
compiling mq2.c...
compiling croutine.c...
compiling event_groups.c...
compiling list.c...
compiling heap_4.c...
compiling queue.c...
compiling timers.c...
compiling app_task.c...
APP_TASK\app_task.c(97): warning:  #177-D: variable "SpeedLevelNames"  was declared but never referenced
  static const char* SpeedLevelNames[] = {
APP_TASK\app_task.c: 1 warning, 0 errors
compiling tasks.c...
compiling port.c...
linking...
Program Size: Code=35414 RO-data=6478 RW-data=312 ZI-data=13112  
".\Objects\Project.axf" - 0 Error(s), 1 Warning(s).
Build Time Elapsed:  00:00:02
